0 info it worked if it ends with ok
1 verbose cli [ '/home/shabin/.nvm/versions/node/v6.2.2/bin/node',
1 verbose cli   '/home/shabin/.nvm/versions/node/v6.2.2/bin/npm',
1 verbose cli   'run',
1 verbose cli   'start' ]
2 info using npm@3.9.5
3 info using node@v6.2.2
4 verbose stack Error: Failed to parse json
4 verbose stack Unexpected token 't' at 8:6
4 verbose stack     "test": "mocha --compilers js:babel-core/register --require ./test/test_hel
4 verbose stack      ^
4 verbose stack     at parseError (/home/shabin/.nvm/versions/node/v6.2.2/lib/node_modules/npm/node_modules/read-package-json/read-json.js:390:11)
4 verbose stack     at parseJson (/home/shabin/.nvm/versions/node/v6.2.2/lib/node_modules/npm/node_modules/read-package-json/read-json.js:79:23)
4 verbose stack     at /home/shabin/.nvm/versions/node/v6.2.2/lib/node_modules/npm/node_modules/read-package-json/read-json.js:48:5
4 verbose stack     at /home/shabin/.nvm/versions/node/v6.2.2/lib/node_modules/npm/node_modules/graceful-fs/graceful-fs.js:78:16
4 verbose stack     at tryToString (fs.js:449:3)
4 verbose stack     at FSReqWrap.readFileAfterClose [as oncomplete] (fs.js:436:12)
5 verbose cwd /home/shabin/Devlopment/React_Voting_App
6 error Linux 4.4.0-21-generic
7 error argv "/home/shabin/.nvm/versions/node/v6.2.2/bin/node" "/home/shabin/.nvm/versions/node/v6.2.2/bin/npm" "run" "start"
8 error node v6.2.2
9 error npm  v3.9.5
10 error file /home/shabin/Devlopment/React_Voting_App/package.json
11 error code EJSONPARSE
12 error Failed to parse json
12 error Unexpected token 't' at 8:6
12 error     "test": "mocha --compilers js:babel-core/register --require ./test/test_hel
12 error      ^
13 error File: /home/shabin/Devlopment/React_Voting_App/package.json
14 error Failed to parse package.json data.
14 error package.json must be actual JSON, not just JavaScript.
14 error
14 error This is not a bug in npm.
14 error Tell the package author to fix their package.json file. JSON.parse
15 verbose exit [ 1, true ]
